Library/Bee/Android/Prj/IL2CPP/Gradle/launcher/build/intermediates/manifest_merge_blame_file/release/manifest-merger-blame-release-report.txt
1<?xml version="1.0" encoding="utf-8"?>
2<manifest xmlns:android="http://schemas.android.com/apk/res/android"
3    package="com.yb.everybodyspots"
4    android:installLocation="preferExternal"
5    android:versionCode="1"
6    android:versionName="0.1" >
7
8    <uses-sdk
9        android:minSdkVersion="22"
9-->src\main\AndroidManifest.xml
10        android:targetSdkVersion="31" />
10-->src\main\AndroidManifest.xml
11
12    <supports-screens
12-->src\main\AndroidManifest.xml:3:3-163
13        android:anyDensity="true"
13-->src\main\AndroidManifest.xml:3:135-160
14        android:largeScreens="true"
14-->src\main\AndroidManifest.xml:3:78-105
15        android:normalScreens="true"
15-->src\main\AndroidManifest.xml:3:49-77
16        android:smallScreens="true"
16-->src\main\AndroidManifest.xml:3:21-48
17        android:xlargeScreens="true" />
17-->src\main\AndroidManifest.xml:3:106-134
18
19    <uses-feature android:glEsVersion="0x00030000" />
19-->[:unityLibrary] AndroidManifest.xml:12:5-54
19-->[:unityLibrary] AndroidManifest.xml:12:19-51
20    <uses-feature
20-->[:unityLibrary] AndroidManifest.xml:13:5-15:36
21        android:name="android.hardware.vulkan.version"
21-->[:unityLibrary] AndroidManifest.xml:14:9-55
22        android:required="false" />
22-->[:unityLibrary] AndroidManifest.xml:15:9-33
23
24    <uses-permission android:name="android.permission.INTERNET" />
24-->[:unityLibrary] AndroidManifest.xml:17:5-67
24-->[:unityLibrary] AndroidManifest.xml:17:22-64
25    <uses-permission android:name="android.permission.ACCESS_NETWORK_STATE" />
25-->[:unityLibrary] AndroidManifest.xml:18:5-79
25-->[:unityLibrary] AndroidManifest.xml:18:22-76
26
27    <uses-feature
27-->[:unityLibrary] AndroidManifest.xml:20:5-22:36
28        android:name="android.hardware.touchscreen"
28-->[:unityLibrary] AndroidManifest.xml:21:9-52
29        android:required="false" />
29-->[:unityLibrary] AndroidManifest.xml:22:9-33
30    <uses-feature
30-->[:unityLibrary] AndroidManifest.xml:23:5-25:36
31        android:name="android.hardware.touchscreen.multitouch"
31-->[:unityLibrary] AndroidManifest.xml:24:9-63
32        android:required="false" />
32-->[:unityLibrary] AndroidManifest.xml:25:9-33
33    <uses-feature
33-->[:unityLibrary] AndroidManifest.xml:26:5-28:36
34        android:name="android.hardware.touchscreen.multitouch.distinct"
34-->[:unityLibrary] AndroidManifest.xml:27:9-72
35        android:required="false" />
35-->[:unityLibrary] AndroidManifest.xml:28:9-33
36
37    <uses-permission android:name="android.permission.WAKE_LOCK" />
37-->[:com.google.android.gms.play-services-measurement-21.1.0:] AndroidManifest.xml:25:5-68
37-->[:com.google.android.gms.play-services-measurement-21.1.0:] AndroidManifest.xml:25:22-65
38    <uses-permission android:name="com.google.android.finsky.permission.BIND_GET_INSTALL_REFERRER_SERVICE" />
38-->[:com.google.android.gms.play-services-measurement-21.1.0:] AndroidManifest.xml:26:5-110
38-->[:com.google.android.gms.play-services-measurement-21.1.0:] AndroidManifest.xml:26:22-107
39    <uses-permission android:name="com.google.android.gms.permission.AD_ID" />
39-->[:com.google.android.gms.play-services-measurement-impl-21.1.0:] AndroidManifest.xml:27:5-79
39-->[:com.google.android.gms.play-services-measurement-impl-21.1.0:] AndroidManifest.xml:27:22-76
40
41    <application
41-->src\main\AndroidManifest.xml:4:3-83
42        android:appComponentFactory="androidx.core.app.CoreComponentFactory"
42-->[:androidx.core.core-1.2.0:] AndroidManifest.xml:24:18-86
43        android:extractNativeLibs="true"
43-->[:unityLibrary] AndroidManifest.xml:30:18-50
44        android:icon="@mipmap/app_icon"
44-->src\main\AndroidManifest.xml:4:49-80
45        android:label="@string/app_name" >
45-->src\main\AndroidManifest.xml:4:16-48
46        <activity
46-->[:unityLibrary] AndroidManifest.xml:31:9-52:20
47            android:name="com.unity3d.player.UnityPlayerActivity"
47-->[:unityLibrary] AndroidManifest.xml:32:13-66
48            android:configChanges="mcc|mnc|locale|touchscreen|keyboard|keyboardHidden|navigation|orientation|screenLayout|uiMode|screenSize|smallestScreenSize|fontScale|layoutDirection|density"
48-->[:unityLibrary] AndroidManifest.xml:33:13-194
49            android:exported="true"
49-->[:unityLibrary] AndroidManifest.xml:34:13-36
50            android:hardwareAccelerated="false"
50-->[:unityLibrary] AndroidManifest.xml:35:13-48
51            android:launchMode="singleTask"
51-->[:unityLibrary] AndroidManifest.xml:36:13-44
52            android:resizeableActivity="false"
52-->[:unityLibrary] AndroidManifest.xml:37:13-47
53            android:screenOrientation="reverseLandscape"
53-->[:unityLibrary] AndroidManifest.xml:38:13-57
54            android:theme="@style/UnityThemeSelector" >
54-->[:unityLibrary] AndroidManifest.xml:39:13-54
55            <intent-filter>
55-->[:unityLibrary] AndroidManifest.xml:40:13-44:29
56                <action android:name="android.intent.action.MAIN" />
56-->[:unityLibrary] AndroidManifest.xml:41:17-69
56-->[:unityLibrary] AndroidManifest.xml:41:25-66
57
58                <category android:name="android.intent.category.LAUNCHER" />
58-->[:unityLibrary] AndroidManifest.xml:43:17-77
58-->[:unityLibrary] AndroidManifest.xml:43:27-74
59            </intent-filter>
60
61            <meta-data
61-->[:unityLibrary] AndroidManifest.xml:46:13-48:40
62                android:name="unityplayer.UnityActivity"
62-->[:unityLibrary] AndroidManifest.xml:47:17-57
63                android:value="true" />
63-->[:unityLibrary] AndroidManifest.xml:48:17-37
64            <meta-data
64-->[:unityLibrary] AndroidManifest.xml:49:13-51:40
65                android:name="android.notch_support"
65-->[:unityLibrary] AndroidManifest.xml:50:17-53
66                android:value="true" />
66-->[:unityLibrary] AndroidManifest.xml:51:17-37
67        </activity>
68
69        <meta-data
69-->[:unityLibrary] AndroidManifest.xml:54:9-56:33
70            android:name="unity.splash-mode"
70-->[:unityLibrary] AndroidManifest.xml:55:13-45
71            android:value="0" />
71-->[:unityLibrary] AndroidManifest.xml:56:13-30
72        <meta-data
72-->[:unityLibrary] AndroidManifest.xml:57:9-59:36
73            android:name="unity.splash-enable"
73-->[:unityLibrary] AndroidManifest.xml:58:13-47
74            android:value="True" />
74-->[:unityLibrary] AndroidManifest.xml:59:13-33
75        <meta-data
75-->[:unityLibrary] AndroidManifest.xml:60:9-62:36
76            android:name="unity.launch-fullscreen"
76-->[:unityLibrary] AndroidManifest.xml:61:13-51
77            android:value="True" />
77-->[:unityLibrary] AndroidManifest.xml:62:13-33
78        <meta-data
78-->[:unityLibrary] AndroidManifest.xml:63:9-65:37
79            android:name="unity.allow-resizable-window"
79-->[:unityLibrary] AndroidManifest.xml:64:13-56
80            android:value="False" />
80-->[:unityLibrary] AndroidManifest.xml:65:13-34
81        <meta-data
81-->[:unityLibrary] AndroidManifest.xml:66:9-68:50
82            android:name="notch.config"
82-->[:unityLibrary] AndroidManifest.xml:67:13-40
83            android:value="portrait|landscape" />
83-->[:unityLibrary] AndroidManifest.xml:68:13-47
84
85        <activity
85-->[:com.google.firebase.firebase-auth-21.0.6:] AndroidManifest.xml:27:9-44:20
86            android:name="com.google.firebase.auth.internal.GenericIdpActivity"
86-->[:com.google.firebase.firebase-auth-21.0.6:] AndroidManifest.xml:28:13-80
87            android:excludeFromRecents="true"
87-->[:com.google.firebase.firebase-auth-21.0.6:] AndroidManifest.xml:29:13-46
88            android:exported="true"
88-->[:com.google.firebase.firebase-auth-21.0.6:] AndroidManifest.xml:30:13-36
89            android:launchMode="singleTask"
89-->[:com.google.firebase.firebase-auth-21.0.6:] AndroidManifest.xml:31:13-44
90            android:theme="@android:style/Theme.Translucent.NoTitleBar" >
90-->[:com.google.firebase.firebase-auth-21.0.6:] AndroidManifest.xml:32:13-72
91            <intent-filter>
91-->[:com.google.firebase.firebase-auth-21.0.6:] AndroidManifest.xml:33:13-43:29
92                <action android:name="android.intent.action.VIEW" />
92-->[:com.google.firebase.firebase-auth-21.0.6:] AndroidManifest.xml:34:17-69
92-->[:com.google.firebase.firebase-auth-21.0.6:] AndroidManifest.xml:34:25-66
93
94                <category android:name="android.intent.category.DEFAULT" />
94-->[:com.google.firebase.firebase-auth-21.0.6:] AndroidManifest.xml:36:17-76
94-->[:com.google.firebase.firebase-auth-21.0.6:] AndroidManifest.xml:36:27-73
95                <category android:name="android.intent.category.BROWSABLE" />
95-->[:com.google.firebase.firebase-auth-21.0.6:] AndroidManifest.xml:37:17-78
95-->[:com.google.firebase.firebase-auth-21.0.6:] AndroidManifest.xml:37:27-75
96
97                <data
97-->[:com.google.firebase.firebase-auth-21.0.6:] AndroidManifest.xml:39:17-42:51
98                    android:host="firebase.auth"
98-->[:com.google.firebase.firebase-auth-21.0.6:] AndroidManifest.xml:40:21-49
99                    android:path="/"
99-->[:com.google.firebase.firebase-auth-21.0.6:] AndroidManifest.xml:41:21-37
100                    android:scheme="genericidp" />
100-->[:com.google.firebase.firebase-auth-21.0.6:] AndroidManifest.xml:42:21-48
101            </intent-filter>
102        </activity>
103        <activity
103-->[:com.google.firebase.firebase-auth-21.0.6:] AndroidManifest.xml:45:9-62:20
104            android:name="com.google.firebase.auth.internal.RecaptchaActivity"
104-->[:com.google.firebase.firebase-auth-21.0.6:] AndroidManifest.xml:46:13-79
105            android:excludeFromRecents="true"
105-->[:com.google.firebase.firebase-auth-21.0.6:] AndroidManifest.xml:47:13-46
106            android:exported="true"
106-->[:com.google.firebase.firebase-auth-21.0.6:] AndroidManifest.xml:48:13-36
107            android:launchMode="singleTask"
107-->[:com.google.firebase.firebase-auth-21.0.6:] AndroidManifest.xml:49:13-44
108            android:theme="@android:style/Theme.Translucent.NoTitleBar" >
108-->[:com.google.firebase.firebase-auth-21.0.6:] AndroidManifest.xml:50:13-72
109            <intent-filter>
109-->[:com.google.firebase.firebase-auth-21.0.6:] AndroidManifest.xml:51:13-61:29
110                <action android:name="android.intent.action.VIEW" />
110-->[:com.google.firebase.firebase-auth-21.0.6:] AndroidManifest.xml:34:17-69
110-->[:com.google.firebase.firebase-auth-21.0.6:] AndroidManifest.xml:34:25-66
111
112                <category android:name="android.intent.category.DEFAULT" />
112-->[:com.google.firebase.firebase-auth-21.0.6:] AndroidManifest.xml:36:17-76
112-->[:com.google.firebase.firebase-auth-21.0.6:] AndroidManifest.xml:36:27-73
113                <category android:name="android.intent.category.BROWSABLE" />
113-->[:com.google.firebase.firebase-auth-21.0.6:] AndroidManifest.xml:37:17-78
113-->[:com.google.firebase.firebase-auth-21.0.6:] AndroidManifest.xml:37:27-75
114
115                <data
115-->[:com.google.firebase.firebase-auth-21.0.6:] AndroidManifest.xml:39:17-42:51
116                    android:host="firebase.auth"
116-->[:com.google.firebase.firebase-auth-21.0.6:] AndroidManifest.xml:40:21-49
117                    android:path="/"
117-->[:com.google.firebase.firebase-auth-21.0.6:] AndroidManifest.xml:41:21-37
118                    android:scheme="recaptcha" />
118-->[:com.google.firebase.firebase-auth-21.0.6:] AndroidManifest.xml:42:21-48
119            </intent-filter>
120        </activity>
121
122        <service
122-->[:com.google.firebase.firebase-auth-21.0.6:] AndroidManifest.xml:64:9-70:19
123            android:name="com.google.firebase.components.ComponentDiscoveryService"
123-->[:com.google.firebase.firebase-auth-21.0.6:] AndroidManifest.xml:65:13-84
124            android:directBootAware="true"
124-->[:com.google.firebase.firebase-common-20.1.1:] AndroidManifest.xml:21:86-116
125            android:exported="false" >
125-->[:com.google.firebase.firebase-auth-21.0.6:] AndroidManifest.xml:66:13-37
126            <meta-data
126-->[:com.google.firebase.firebase-auth-21.0.6:] AndroidManifest.xml:67:13-69:85
127                android:name="com.google.firebase.components:com.google.firebase.auth.FirebaseAuthRegistrar"
127-->[:com.google.firebase.firebase-auth-21.0.6:] AndroidManifest.xml:68:17-109
128                android:value="com.google.firebase.components.ComponentRegistrar" />
128-->[:com.google.firebase.firebase-auth-21.0.6:] AndroidManifest.xml:69:17-82
129            <meta-data
129-->[:com.google.firebase.firebase-database-20.0.5:] AndroidManifest.xml:32:13-34:85
130                android:name="com.google.firebase.components:com.google.firebase.database.DatabaseRegistrar"
130-->[:com.google.firebase.firebase-database-20.0.5:] AndroidManifest.xml:33:17-109
131                android:value="com.google.firebase.components.ComponentRegistrar" />
131-->[:com.google.firebase.firebase-database-20.0.5:] AndroidManifest.xml:34:17-82
132            <meta-data
132-->[:com.google.android.gms.play-services-measurement-api-21.1.0:] AndroidManifest.xml:31:13-33:85
133                android:name="com.google.firebase.components:com.google.firebase.analytics.connector.internal.AnalyticsConnectorRegistrar"
133-->[:com.google.android.gms.play-services-measurement-api-21.1.0:] AndroidManifest.xml:32:17-139
134                android:value="com.google.firebase.components.ComponentRegistrar" />
134-->[:com.google.android.gms.play-services-measurement-api-21.1.0:] AndroidManifest.xml:33:17-82
135            <meta-data
135-->[:com.google.firebase.firebase-installations-17.0.1:] AndroidManifest.xml:18:13-20:85
136                android:name="com.google.firebase.components:com.google.firebase.installations.FirebaseInstallationsRegistrar"
136-->[:com.google.firebase.firebase-installations-17.0.1:] AndroidManifest.xml:19:17-127
137                android:value="com.google.firebase.components.ComponentRegistrar" />
137-->[:com.google.firebase.firebase-installations-17.0.1:] AndroidManifest.xml:20:17-82
138        </service>
139
140        <provider
140-->[:com.google.firebase.firebase-common-20.1.1:] AndroidManifest.xml:20:5-227
141            android:name="com.google.firebase.provider.FirebaseInitProvider"
141-->[:com.google.firebase.firebase-common-20.1.1:] AndroidManifest.xml:20:15-79
142            android:authorities="com.yb.everybodyspots.firebaseinitprovider"
142-->[:com.google.firebase.firebase-common-20.1.1:] AndroidManifest.xml:20:80-144
143            android:directBootAware="true"
143-->[:com.google.firebase.firebase-common-20.1.1:] AndroidManifest.xml:20:145-175
144            android:exported="false"
144-->[:com.google.firebase.firebase-common-20.1.1:] AndroidManifest.xml:20:176-200
145            android:initOrder="100" />
145-->[:com.google.firebase.firebase-common-20.1.1:] AndroidManifest.xml:20:201-224
146
147        <activity
147-->[:com.google.android.gms.play-services-auth-19.2.0:] AndroidManifest.xml:23:9-27:75
148            android:name="com.google.android.gms.auth.api.signin.internal.SignInHubActivity"
148-->[:com.google.android.gms.play-services-auth-19.2.0:] AndroidManifest.xml:24:13-93
149            android:excludeFromRecents="true"
149-->[:com.google.android.gms.play-services-auth-19.2.0:] AndroidManifest.xml:25:13-46
150            android:exported="false"
150-->[:com.google.android.gms.play-services-auth-19.2.0:] AndroidManifest.xml:26:13-37
151            android:theme="@android:style/Theme.Translucent.NoTitleBar" />
151-->[:com.google.android.gms.play-services-auth-19.2.0:] AndroidManifest.xml:27:13-72
152        <!--
153            Service handling Google Sign-In user revocation. For apps that do not integrate with
154            Google Sign-In, this service will never be started.
155        -->
156        <service
156-->[:com.google.android.gms.play-services-auth-19.2.0:] AndroidManifest.xml:33:9-37:51
157            android:name="com.google.android.gms.auth.api.signin.RevocationBoundService"
157-->[:com.google.android.gms.play-services-auth-19.2.0:] AndroidManifest.xml:34:13-89
158            android:exported="true"
158-->[:com.google.android.gms.play-services-auth-19.2.0:] AndroidManifest.xml:35:13-36
159            android:permission="com.google.android.gms.auth.api.signin.permission.REVOCATION_NOTIFICATION"
159-->[:com.google.android.gms.play-services-auth-19.2.0:] AndroidManifest.xml:36:13-107
160            android:visibleToInstantApps="true" />
160-->[:com.google.android.gms.play-services-auth-19.2.0:] AndroidManifest.xml:37:13-48
161
162        <receiver
162-->[:com.google.android.gms.play-services-measurement-21.1.0:] AndroidManifest.xml:29:9-33:20
163            android:name="com.google.android.gms.measurement.AppMeasurementReceiver"
163-->[:com.google.android.gms.play-services-measurement-21.1.0:] AndroidManifest.xml:30:13-85
164            android:enabled="true"
164-->[:com.google.android.gms.play-services-measurement-21.1.0:] AndroidManifest.xml:31:13-35
165            android:exported="false" >
165-->[:com.google.android.gms.play-services-measurement-21.1.0:] AndroidManifest.xml:32:13-37
166        </receiver>
167
168        <service
168-->[:com.google.android.gms.play-services-measurement-21.1.0:] AndroidManifest.xml:35:9-38:40
169            android:name="com.google.android.gms.measurement.AppMeasurementService"
169-->[:com.google.android.gms.play-services-measurement-21.1.0:] AndroidManifest.xml:36:13-84
170            android:enabled="true"
170-->[:com.google.android.gms.play-services-measurement-21.1.0:] AndroidManifest.xml:37:13-35
171            android:exported="false" />
171-->[:com.google.android.gms.play-services-measurement-21.1.0:] AndroidManifest.xml:38:13-37
172        <service
172-->[:com.google.android.gms.play-services-measurement-21.1.0:] AndroidManifest.xml:39:9-43:72
173            android:name="com.google.android.gms.measurement.AppMeasurementJobService"
173-->[:com.google.android.gms.play-services-measurement-21.1.0:] AndroidManifest.xml:40:13-87
174            android:enabled="true"
174-->[:com.google.android.gms.play-services-measurement-21.1.0:] AndroidManifest.xml:41:13-35
175            android:exported="false"
175-->[:com.google.android.gms.play-services-measurement-21.1.0:] AndroidManifest.xml:42:13-37
176            android:permission="android.permission.BIND_JOB_SERVICE" />
176-->[:com.google.android.gms.play-services-measurement-21.1.0:] AndroidManifest.xml:43:13-69
177
178        <activity
178-->[:com.google.games.gpgs-plugin-support-0.10.14:] AndroidManifest.xml:10:9-18:20
179            android:name="com.google.games.bridge.GenericResolutionActivity"
179-->[:com.google.games.gpgs-plugin-support-0.10.14:] AndroidManifest.xml:11:13-77
180            android:exported="false"
180-->[:com.google.games.gpgs-plugin-support-0.10.14:] AndroidManifest.xml:12:13-37
181            android:label="GenericResolutionActivity"
181-->[:com.google.games.gpgs-plugin-support-0.10.14:] AndroidManifest.xml:13:13-54
182            android:theme="@android:style/Theme.Translucent.NoTitleBar.Fullscreen" >
182-->[:com.google.games.gpgs-plugin-support-0.10.14:] AndroidManifest.xml:14:13-83
183            <meta-data
183-->[:com.google.games.gpgs-plugin-support-0.10.14:] AndroidManifest.xml:15:13-17:40
184                android:name="instantapps.clients.allowed"
184-->[:com.google.games.gpgs-plugin-support-0.10.14:] AndroidManifest.xml:16:17-59
185                android:value="true" />
185-->[:com.google.games.gpgs-plugin-support-0.10.14:] AndroidManifest.xml:17:17-37
186        </activity>
187        <activity
187-->[:com.google.android.gms.play-services-base-18.1.0:] AndroidManifest.xml:20:9-22:45
188            android:name="com.google.android.gms.common.api.GoogleApiActivity"
188-->[:com.google.android.gms.play-services-base-18.1.0:] AndroidManifest.xml:20:19-85
189            android:exported="false"
189-->[:com.google.android.gms.play-services-base-18.1.0:] AndroidManifest.xml:22:19-43
190            android:theme="@android:style/Theme.Translucent.NoTitleBar" />
190-->[:com.google.android.gms.play-services-base-18.1.0:] AndroidManifest.xml:21:19-78
191
192        <meta-data
192-->[:com.google.android.gms.play-services-basement-18.1.0:] AndroidManifest.xml:21:9-23:69
193            android:name="com.google.android.gms.version"
193-->[:com.google.android.gms.play-services-basement-18.1.0:] AndroidManifest.xml:22:13-58
194            android:value="@integer/google_play_services_version" /> <!-- The space in these forces it to be interpreted as a string vs. int -->
194-->[:com.google.android.gms.play-services-basement-18.1.0:] AndroidManifest.xml:23:13-66
195        <meta-data
195-->[:unityLibrary:GooglePlayGamesManifest.androidlib] AndroidManifest.xml:18:9-20:49
196            android:name="com.google.android.gms.games.APP_ID"
196-->[:unityLibrary:GooglePlayGamesManifest.androidlib] AndroidManifest.xml:19:13-63
197            android:value="\u003295455030235" /> <!-- Keep track of which plugin is being used -->
197-->[:unityLibrary:GooglePlayGamesManifest.androidlib] AndroidManifest.xml:20:13-46
198        <meta-data
198-->[:unityLibrary:GooglePlayGamesManifest.androidlib] AndroidManifest.xml:23:9-25:44
199            android:name="com.google.android.gms.games.unityVersion"
199-->[:unityLibrary:GooglePlayGamesManifest.androidlib] AndroidManifest.xml:24:13-69
200            android:value="\u0030.10.14" />
200-->[:unityLibrary:GooglePlayGamesManifest.androidlib] AndroidManifest.xml:25:13-41
201
202        <activity
202-->[:unityLibrary:GooglePlayGamesManifest.androidlib] AndroidManifest.xml:27:9-29:86
203            android:name="com.google.games.bridge.NativeBridgeActivity"
203-->[:unityLibrary:GooglePlayGamesManifest.androidlib] AndroidManifest.xml:28:13-72
204            android:theme="@android:style/Theme.Translucent.NoTitleBar.Fullscreen" />
204-->[:unityLibrary:GooglePlayGamesManifest.androidlib] AndroidManifest.xml:29:13-83
205    </application>
206
207</manifest>